97.06.26 22:41 B C:\FrontPage Webs\Content\antlr\1.33\contrib\aggassiz.gif <-- pccts ftp site /pub/pccts/contrib aggassiz.gif
97.06.26 22:42 B C:\FrontPage Webs\Content\antlr\1.33\contrib\ansi.tar.gz <-- pccts ftp site /pub/pccts/contrib ansi.tar.gz
97.06.26 22:43 B C:\FrontPage Webs\Content\antlr\1.33\contrib\Browserw32.zip <-- pccts ftp site /pub/pccts/contrib Browserw32.zip
97.06.26 22:43 B C:\FrontPage Webs\Content\antlr\1.33\contrib\cccc.readme <-- pccts ftp site /pub/pccts/contrib cccc.readme
97.06.26 22:44 B C:\FrontPage Webs\Content\antlr\1.33\contrib\cccc_204.tar.gz <-- pccts ftp site /pub/pccts/contrib cccc_204.tar.gz
97.06.26 22:44 B C:\FrontPage Webs\Content\antlr\1.33\contrib\cplusplus.tar.gz <-- pccts ftp site /pub/pccts/contrib cplusplus.tar.gz
97.06.26 22:44 B C:\FrontPage Webs\Content\antlr\1.33\contrib\f77.tar <-- pccts ftp site /pub/pccts/contrib f77.tar
97.06.26 22:44 B C:\FrontPage Webs\Content\antlr\1.33\contrib\f77.tar.gz <-- pccts ftp site /pub/pccts/contrib f77.tar.gz
97.06.26 22:44 B C:\FrontPage Webs\Content\antlr\1.33\contrib\java.g <-- pccts ftp site /pub/pccts/contrib java.g
97.06.26 22:45 B C:\FrontPage Webs\Content\antlr\1.33\contrib\ltree.tar <-- pccts ftp site /pub/pccts/contrib ltree.tar
97.06.26 22:45 B C:\FrontPage Webs\Content\antlr\1.33\contrib\ltree.tar.gz <-- pccts ftp site /pub/pccts/contrib ltree.tar.gz
97.06.26 22:45 B C:\FrontPage Webs\Content\antlr\1.33\contrib\mktempl <-- pccts ftp site /pub/pccts/contrib mktempl
97.06.26 22:45 B C:\FrontPage Webs\Content\antlr\1.33\contrib\modestack.cpp <-- pccts ftp site /pub/pccts/contrib modestack.cpp
97.06.26 22:45 B C:\FrontPage Webs\Content\antlr\1.33\contrib\NOTES.flex <-- pccts ftp site /pub/pccts/contrib NOTES.flex
97.06.26 22:45 B C:\FrontPage Webs\Content\antlr\1.33\contrib\ObjC.g <-- pccts ftp site /pub/pccts/contrib ObjC.g
97.06.26 22:45 B C:\FrontPage Webs\Content\antlr\1.33\contrib\README <-- pccts ftp site /pub/pccts/contrib README
97.06.26 22:45 B C:\FrontPage Webs\Content\antlr\1.33\contrib\tmp <-- pccts ftp site /pub/pccts/contrib tmp
97.06.26 23:31 B C:\FrontPage Webs\Content\antlr\1.33\contrib\aggassiz.gif --> java.magelang.com /usr/local/www/data/antlr/1.33/contrib aggassiz.gif
97.06.26 23:31 B C:\FrontPage Webs\Content\antlr\1.33\contrib\ansi.tar.gz --> java.magelang.com /usr/local/www/data/antlr/1.33/contrib ansi.tar.gz
97.06.26 23:33 B C:\FrontPage Webs\Content\antlr\1.33\contrib\Browserw32.zip --> java.magelang.com /usr/local/www/data/antlr/1.33/contrib Browserw32.zip
97.06.26 23:33 B C:\FrontPage Webs\Content\antlr\1.33\contrib\cccc.readme --> java.magelang.com /usr/local/www/data/antlr/1.33/contrib cccc.readme
97.06.26 23:34 B C:\FrontPage Webs\Content\antlr\1.33\contrib\cccc_204.tar.gz --> java.magelang.com /usr/local/www/data/antlr/1.33/contrib cccc_204.tar.gz
97.06.26 23:34 B C:\FrontPage Webs\Content\antlr\1.33\contrib\cplusplus.tar.gz --> java.magelang.com /usr/local/www/data/antlr/1.33/contrib cplusplus.tar.gz
97.06.26 23:35 B C:\FrontPage Webs\Content\antlr\1.33\contrib\f77.tar --> java.magelang.com /usr/local/www/data/antlr/1.33/contrib f77.tar
97.06.26 23:35 B C:\FrontPage Webs\Content\antlr\1.33\contrib\f77.tar.gz --> java.magelang.com /usr/local/www/data/antlr/1.33/contrib f77.tar.gz
97.06.26 23:35 B C:\FrontPage Webs\Content\antlr\1.33\contrib\java.g --> java.magelang.com /usr/local/www/data/antlr/1.33/contrib java.g
97.06.26 23:36 B C:\FrontPage Webs\Content\antlr\1.33\contrib\ltree.tar --> java.magelang.com /usr/local/www/data/antlr/1.33/contrib ltree.tar
97.06.26 23:36 B C:\FrontPage Webs\Content\antlr\1.33\contrib\ltree.tar.gz --> java.magelang.com /usr/local/www/data/antlr/1.33/contrib ltree.tar.gz
97.06.26 23:36 B C:\FrontPage Webs\Content\antlr\1.33\contrib\mktempl --> java.magelang.com /usr/local/www/data/antlr/1.33/contrib mktempl
97.06.26 23:36 B C:\FrontPage Webs\Content\antlr\1.33\contrib\modestack.cpp --> java.magelang.com /usr/local/www/data/antlr/1.33/contrib modestack.cpp
97.06.26 23:36 B C:\FrontPage Webs\Content\antlr\1.33\contrib\NOTES.flex --> java.magelang.com /usr/local/www/data/antlr/1.33/contrib NOTES.flex
97.06.26 23:36 B C:\FrontPage Webs\Content\antlr\1.33\contrib\ObjC.g --> java.magelang.com /usr/local/www/data/antlr/1.33/contrib ObjC.g
97.06.26 23:36 B C:\FrontPage Webs\Content\antlr\1.33\contrib\README --> java.magelang.com /usr/local/www/data/antlr/1.33/contrib README
97.06.26 23:36 B C:\FrontPage Webs\Content\antlr\1.33\contrib\tmp --> java.magelang.com /usr/local/www/data/antlr/1.33/contrib tmp
97.06.26 23:36 B C:\FrontPage Webs\Content\antlr\1.33\contrib\WS_FTP.LOG --> java.magelang.com /usr/local/www/data/antlr/1.33/contrib WS_FTP.LOG
