97.06.26 22:27 B C:\FrontPage Webs\Content\antlr\1.33\binaries\PC\bccbin.zip <-- pccts ftp site /pub/pccts/binaries/PC bccbin.zip
97.06.26 22:28 B C:\FrontPage Webs\Content\antlr\1.33\binaries\PC\gccbin.zip <-- pccts ftp site /pub/pccts/binaries/PC gccbin.zip
97.06.26 22:29 B C:\FrontPage Webs\Content\antlr\1.33\binaries\PC\pcctsbcc.zip <-- pccts ftp site /pub/pccts/binaries/PC pcctsbcc.zip
97.06.26 22:30 B C:\FrontPage Webs\Content\antlr\1.33\binaries\PC\pcctsgcc.zip <-- pccts ftp site /pub/pccts/binaries/PC pcctsgcc.zip
97.06.26 22:30 B C:\FrontPage Webs\Content\antlr\1.33\binaries\PC\pcctsnt.zip <-- pccts ftp site /pub/pccts/binaries/PC pcctsnt.zip
97.06.26 22:35 B C:\FrontPage Webs\Content\antlr\1.33\binaries\PC\pcctsw32.zip <-- pccts ftp site /pub/pccts/binaries/PC pcctsw32.zip
97.06.26 22:35 B C:\FrontPage Webs\Content\antlr\1.33\binaries\PC\README <-- pccts ftp site /pub/pccts/binaries/PC README
97.06.26 22:35 B C:\FrontPage Webs\Content\antlr\1.33\binaries\PC\sor.exz <-- pccts ftp site /pub/pccts/binaries/PC sor.exz
97.06.26 22:35 B C:\FrontPage Webs\Content\antlr\1.33\binaries\PC\sorbin.zip <-- pccts ftp site /pub/pccts/binaries/PC sorbin.zip
97.06.26 22:36 B C:\FrontPage Webs\Content\antlr\1.33\binaries\PC\unzip.exe <-- pccts ftp site /pub/pccts/binaries/PC unzip.exe
97.06.26 23:20 B C:\FrontPage Webs\Content\antlr\1.33\binaries\PC\bccbin.zip --> java.magelang.com /usr/local/www/data/antlr/1.33/binaries/PC bccbin.zip
97.06.26 23:20 B C:\FrontPage Webs\Content\antlr\1.33\binaries\PC\gccbin.zip --> java.magelang.com /usr/local/www/data/antlr/1.33/binaries/PC gccbin.zip
97.06.26 23:21 B C:\FrontPage Webs\Content\antlr\1.33\binaries\PC\pcctsbcc.zip --> java.magelang.com /usr/local/www/data/antlr/1.33/binaries/PC pcctsbcc.zip
97.06.26 23:21 B C:\FrontPage Webs\Content\antlr\1.33\binaries\PC\pcctsgcc.zip --> java.magelang.com /usr/local/www/data/antlr/1.33/binaries/PC pcctsgcc.zip
97.06.26 23:22 B C:\FrontPage Webs\Content\antlr\1.33\binaries\PC\pcctsnt.zip --> java.magelang.com /usr/local/www/data/antlr/1.33/binaries/PC pcctsnt.zip
97.06.26 23:24 B C:\FrontPage Webs\Content\antlr\1.33\binaries\PC\pcctsw32.zip --> java.magelang.com /usr/local/www/data/antlr/1.33/binaries/PC pcctsw32.zip
97.06.26 23:24 B C:\FrontPage Webs\Content\antlr\1.33\binaries\PC\README --> java.magelang.com /usr/local/www/data/antlr/1.33/binaries/PC README
97.06.26 23:24 B C:\FrontPage Webs\Content\antlr\1.33\binaries\PC\sor.exz --> java.magelang.com /usr/local/www/data/antlr/1.33/binaries/PC sor.exz
97.06.26 23:24 B C:\FrontPage Webs\Content\antlr\1.33\binaries\PC\sorbin.zip --> java.magelang.com /usr/local/www/data/antlr/1.33/binaries/PC sorbin.zip
97.06.26 23:25 B C:\FrontPage Webs\Content\antlr\1.33\binaries\PC\unzip.exe --> java.magelang.com /usr/local/www/data/antlr/1.33/binaries/PC unzip.exe
97.06.26 23:25 B C:\FrontPage Webs\Content\antlr\1.33\binaries\PC\WS_FTP.LOG --> java.magelang.com /usr/local/www/data/antlr/1.33/binaries/PC WS_FTP.LOG
